studio/zhihui/app/build/outputs/logs/manifest-merger-debug-report.txt
-- Merging decision tree log ---
manifest
ADDED from src\main\AndroidManifest.xml:2:1-72:12
	xmlns:tools
		ADDED from src\main\AndroidManifest.xml:3:5-51
	xmlns:android
		ADDED from src\main\AndroidManifest.xml:2:11-69
	package
		ADDED from src\main\AndroidManifest.xml:4:5-31
		INJECTED from src\main\AndroidManifest.xml
		INJECTED from src\main\AndroidManifest.xml
	android:versionName
		ADDED from src\main\AndroidManifest.xml:6:5-32
		INJECTED from src\main\AndroidManifest.xml
		INJECTED from src\main\AndroidManifest.xml
	android:versionCode
		ADDED from src\main\AndroidManifest.xml:5:5-28
		INJECTED from src\main\AndroidManifest.xml
		INJECTED from src\main\AndroidManifest.xml
uses-sdk
ADDED from src\main\AndroidManifest.xml:8:5-11:11
MERGED from [com.android.support:support-v4:22.2.1] AndroidManifest.xml:20:5-43
MERGED from [com.onedrive.sdk:onedrive-sdk-android:1.1.3] AndroidManifest.xml:7:5-9:41
MERGED from [com.microsoft.aad:adal:1.1.7] AndroidManifest.xml:7:5-9:41
MERGED from [com.android.support:support-v4:22.2.1] AndroidManifest.xml:20:5-43
MERGED from [com.microsoft.services.msa:msa-auth:0.8.4] AndroidManifest.xml:7:5-9:41
MERGED from [com.microsoft.services.msa:msa-auth:0.8.4] AndroidManifest.xml:7:5-9:41
	android:targetSdkVersion
		ADDED from src\main\AndroidManifest.xml:10:9-38
		INJECTED from src\main\AndroidManifest.xml
		INJECTED from src\main\AndroidManifest.xml
	android:minSdkVersion
		ADDED from src\main\AndroidManifest.xml:9:9-35
		INJECTED from src\main\AndroidManifest.xml
		INJECTED from src\main\AndroidManifest.xml
uses-permission#android.permission.INTERNET
ADDED from src\main\AndroidManifest.xml:14:5-67
	android:name
		ADDED from src\main\AndroidManifest.xml:14:22-64
uses-permission#android.permission.MOUNT_UNMOUNT_FILESYSTEMS
ADDED from src\main\AndroidManifest.xml:16:5-84
	android:name
		ADDED from src\main\AndroidManifest.xml:16:22-81
uses-permission#android.permission.WRITE_EXTERNAL_STORAGE
ADDED from src\main\AndroidManifest.xml:18:5-81
	android:name
		ADDED from src\main\AndroidManifest.xml:18:22-78
uses-permission#android.permission.VIBRATE
ADDED from src\main\AndroidManifest.xml:20:5-66
	android:name
		ADDED from src\main\AndroidManifest.xml:20:22-63
uses-permission#android.permission.ACCESS_NETWORK_STATE
ADDED from src\main\AndroidManifest.xml:22:1-74
	android:name
		ADDED from src\main\AndroidManifest.xml:22:18-72
supports-screens
ADDED from src\main\AndroidManifest.xml:25:5-30:39
	android:resizeable
		ADDED from src\main\AndroidManifest.xml:29:9-34
	android:largeScreens
		ADDED from src\main\AndroidManifest.xml:27:9-36
	android:anyDensity
		ADDED from src\main\AndroidManifest.xml:26:9-34
	android:normalScreens
		ADDED from src\main\AndroidManifest.xml:28:9-37
	android:smallScreens
		ADDED from src\main\AndroidManifest.xml:30:9-36
application
ADDED from src\main\AndroidManifest.xml:32:5-70:19
MERGED from [com.android.support:support-v4:22.2.1] AndroidManifest.xml:22:5-20
MERGED from [com.microsoft.aad:adal:1.1.7] AndroidManifest.xml:11:5-16:19
MERGED from [com.android.support:support-v4:22.2.1] AndroidManifest.xml:22:5-20
MERGED from [com.microsoft.services.msa:msa-auth:0.8.4] AndroidManifest.xml:11:5-14:19
MERGED from [com.microsoft.services.msa:msa-auth:0.8.4] AndroidManifest.xml:11:5-14:19
	android:label
		ADDED from src\main\AndroidManifest.xml:36:9-41
	android:allowBackup
		ADDED from src\main\AndroidManifest.xml:34:9-35
	android:icon
		ADDED from src\main\AndroidManifest.xml:35:9-45
	android:theme
		ADDED from src\main\AndroidManifest.xml:37:9-68
		REJECTED from [com.microsoft.aad:adal:1.1.7] AndroidManifest.xml:13:9-40
	tools:replace
		ADDED from src\main\AndroidManifest.xml:38:9-38
	android:name
		ADDED from src\main\AndroidManifest.xml:33:9-68
activity#com.zh.education.control.activity.WelcomeStartActiyity
ADDED from src\main\AndroidManifest.xml:39:9-47:20
	android:theme
		ADDED from src\main\AndroidManifest.xml:41:13-60
	android:name
		ADDED from src\main\AndroidManifest.xml:40:13-82
intent-filter#android.intent.action.MAIN+android.intent.category.LAUNCHER
ADDED from src\main\AndroidManifest.xml:42:13-46:29
action#android.intent.action.MAIN
ADDED from src\main\AndroidManifest.xml:43:17-69
	android:name
		ADDED from src\main\AndroidManifest.xml:43:25-66
category#android.intent.category.LAUNCHER
ADDED from src\main\AndroidManifest.xml:45:17-77
	android:name
		ADDED from src\main\AndroidManifest.xml:45:27-74
activity#com.zh.education.control.activity.MainActivity
ADDED from src\main\AndroidManifest.xml:48:9-83
	android:name
		ADDED from src\main\AndroidManifest.xml:48:19-80
activity#com.zh.education.control.activity.UserLoginActivity
ADDED from src\main\AndroidManifest.xml:49:9-52:47
	android:theme
		ADDED from src\main\AndroidManifest.xml:51:13-60
	android:name
		ADDED from src\main\AndroidManifest.xml:50:13-79
	android:launchMode
		ADDED from src\main\AndroidManifest.xml:52:13-44
activity#com.zh.education.control.activity.ChannelActivity
ADDED from src\main\AndroidManifest.xml:53:9-86
	android:name
		ADDED from src\main\AndroidManifest.xml:53:19-83
activity#com.zh.education.control.activity.FragmentBaseActivity
ADDED from src\main\AndroidManifest.xml:54:9-91
	android:name
		ADDED from src\main\AndroidManifest.xml:54:19-88
activity#com.zh.education.control.activity.UserCenterActivity
ADDED from src\main\AndroidManifest.xml:55:9-89
	android:name
		ADDED from src\main\AndroidManifest.xml:55:19-86
activity#com.zh.education.control.activity.UserSetActivity
ADDED from src\main\AndroidManifest.xml:56:9-86
	android:name
		ADDED from src\main\AndroidManifest.xml:56:19-83
activity#com.zh.education.control.activity.UserSetSizeActivity
ADDED from src\main\AndroidManifest.xml:57:10-91
	android:name
		ADDED from src\main\AndroidManifest.xml:57:20-88
activity#com.zh.education.control.activity.BoKeDetailActivity
ADDED from src\main\AndroidManifest.xml:58:10-90
	android:name
		ADDED from src\main\AndroidManifest.xml:58:20-87
activity#com.zh.education.control.activity.NoticesDetailActivity
ADDED from src\main\AndroidManifest.xml:59:11-94
	android:name
		ADDED from src\main\AndroidManifest.xml:59:21-91
activity#com.zh.education.control.activity.BoKeCommentsActivity
ADDED from src\main\AndroidManifest.xml:60:11-93
	android:name
		ADDED from src\main\AndroidManifest.xml:60:21-90
activity#com.zh.education.control.activity.UserAboutActiyity
ADDED from src\main\AndroidManifest.xml:61:13-92
	android:name
		ADDED from src\main\AndroidManifest.xml:61:23-89
activity#com.zh.education.control.activity.BoKeSendCommentsActivity
ADDED from src\main\AndroidManifest.xml:62:13-99
	android:name
		ADDED from src\main\AndroidManifest.xml:62:23-96
activity#com.zh.education.control.activity.EventsDetailActivity
ADDED from src\main\AndroidManifest.xml:63:9-91
	android:name
		ADDED from src\main\AndroidManifest.xml:63:19-88
activity#com.zh.education.control.onedrives.ApiExplorer
ADDED from src\main\AndroidManifest.xml:64:9-83
	android:name
		ADDED from src\main\AndroidManifest.xml:64:19-80
activity#com.zh.education.control.activity.YunPanDetailActivity
ADDED from src\main\AndroidManifest.xml:65:9-91
	android:name
		ADDED from src\main\AndroidManifest.xml:65:19-88
uses-permission#android.permission.GET_ACCOUNTS
ADDED from [com.onedrive.sdk:onedrive-sdk-android:1.1.3] AndroidManifest.xml:11:5-71
	android:name
		ADDED from [com.onedrive.sdk:onedrive-sdk-android:1.1.3] AndroidManifest.xml:11:22-68
uses-permission#android.permission.USE_CREDENTIALS
ADDED from [com.onedrive.sdk:onedrive-sdk-android:1.1.3] AndroidManifest.xml:12:5-74
	android:name
		ADDED from [com.onedrive.sdk:onedrive-sdk-android:1.1.3] AndroidManifest.xml:12:22-71
uses-permission#android.permission.MANAGE_ACCOUNTS
ADDED from [com.onedrive.sdk:onedrive-sdk-android:1.1.3] AndroidManifest.xml:13:5-74
	android:name
		ADDED from [com.onedrive.sdk:onedrive-sdk-android:1.1.3] AndroidManifest.xml:13:22-71
activity#com.microsoft.aad.adal.AuthenticationActivity
ADDED from [com.microsoft.aad:adal:1.1.7] AndroidManifest.xml:14:9-15:20
	android:name
		ADDED from [com.microsoft.aad:adal:1.1.7] AndroidManifest.xml:14:19-79